<?xml version="1.0" encoding="UTF-8"?>
<coverage generated="1654692970747" clover="3.2.0">
  <project timestamp="1654692970747" name="All files">
    <metrics statements="1" coveredstatements="1" conditionals="2" coveredconditionals="2" methods="0" coveredmethods="0" elements="3" coveredelements="3" complexity="0" loc="1" ncloc="1" packages="1" files="1" classes="1"/>
    <file name="tasksData.js" path="/Users/mac/Desktop/microverse-3/todoList_WEBPACK/src/modules/tasksData.js">
      <metrics statements="1" coveredstatements="1" conditionals="2" coveredconditionals="2" methods="0" coveredmethods="0"/>
      <line num="1" count="1" type="cond" truecount="2" falsecount="0"/>
    </file>
  </project>
</coverage>
