{"/Users/mac/Desktop/microverse-3/todoList_WEBPACK/src/modules/tasksData.js": {"path":"/Users/mac/Desktop/microverse-3/todoList_WEBPACK/src/modules/tasksData.js","statementMap":{"0":{"start":{"line":1,"column":15},"end":{"line":1,"column":62}}},"fnMap":{},"branchMap":{"0":{"loc":{"start":{"line":1,"column":15},"end":{"line":1,"column":62}},"type":"binary-expr","locations":[{"start":{"line":1,"column":15},"end":{"line":1,"column":56}},{"start":{"line":1,"column":60},"end":{"line":1,"column":62}}],"line":1}},"s":{"0":1},"f":{},"b":{"0":[1,1]},"_coverageSchema":"1a1c01bbd47fc00a2c39e90264f33305004495a9","hash":"790d333ae831182c2730f89b77feffaef0a58f50"}
}
